[0807/164403:ERROR:process_reader_win.cc(141)] SuspendThread: 拒绝访问。 (0x5)
[0807/164403:ERROR:process_reader_win.cc(232)] ReadMemory at 0x6d620000 of 64 bytes failed: 仅完成部分的 ReadProcessMemory 或 WriteProcessMemory 请求。 (0x12B)
[0807/164403:WARNING:pe_image_reader.cc(280)] could not read dos header from D:\Program Files (x86)\360\360safe\safemon\safemon.dll
[0807/164403:ERROR:process_reader_win.cc(232)] ReadMemory at 0x68e70000 of 64 bytes failed: 仅完成部分的 ReadProcessMemory 或 WriteProcessMemory 请求。 (0x12B)
[0807/164403:WARNING:pe_image_reader.cc(280)] could not read dos header from D:\Program Files (x86)\360\360safe\safemon\iNetSafe.dll
[0807/164403:ERROR:process_reader_win.cc(232)] ReadMemory at 0x72400000 of 64 bytes failed: 仅完成部分的 ReadProcessMemory 或 WriteProcessMemory 请求。 (0x12B)
[0807/164403:WARNING:pe_image_reader.cc(280)] could not read dos header from C:\windows\SYSTEM32\WINSPOOL.DRV
[0807/164403:ERROR:process_reader_win.cc(232)] ReadMemory at 0x70a80000 of 64 bytes failed: 仅完成部分的 ReadProcessMemory 或 WriteProcessMemory 请求。 (0x12B)
[0807/164403:WARNING:pe_image_reader.cc(280)] could not read dos header from C:\windows\WinSxS\x86_microsoft.windows.common-controls_6595b64144ccf1df_6.0.10586.494_none_ea85e725b9ba5a4b\COMCTL32.dll
[0807/164403:ERROR:process_reader_win.cc(232)] ReadMemory at 0x71c70000 of 64 bytes failed: 仅完成部分的 ReadProcessMemory 或 WriteProcessMemory 请求。 (0x12B)
[0807/164403:WARNING:pe_image_reader.cc(280)] could not read dos header from C:\windows\SYSTEM32\fwbase.dll
[0807/164403:ERROR:process_reader_win.cc(232)] ReadMemory at 0x71d20000 of 64 bytes failed: 仅完成部分的 ReadProcessMemory 或 WriteProcessMemory 请求。 (0x12B)
[0807/164403:WARNING:pe_image_reader.cc(280)] could not read dos header from C:\windows\SYSTEM32\DAVHLPR.DLL
[0807/164403:ERROR:process_reader_win.cc(232)] ReadMemory at 0x74410000 of 64 bytes failed: 仅完成部分的 ReadProcessMemory 或 WriteProcessMemory 请求。 (0x12B)
[0807/164403:WARNING:pe_image_reader.cc(280)] could not read dos header from C:\windows\SYSTEM32\IPHLPAPI.DLL
[0807/164403:ERROR:process_reader_win.cc(232)] ReadMemory at 0x72220000 of 64 bytes failed: 仅完成部分的 ReadProcessMemory 或 WriteProcessMemory 请求。 (0x12B)
[0807/164403:WARNING:pe_image_reader.cc(280)] could not read dos header from C:\windows\SYSTEM32\USP10.dll
[0807/164403:ERROR:process_reader_win.cc(232)] ReadMemory at 0x74930000 of 64 bytes failed: 仅完成部分的 ReadProcessMemory 或 WriteProcessMemory 请求。 (0x12B)
[0807/164403:WARNING:pe_image_reader.cc(280)] could not read dos header from C:\windows\SYSTEM32\WINTRUST.dll
[0807/164403:ERROR:process_reader_win.cc(232)] ReadMemory at 0x74160000 of 64 bytes failed: 仅完成部分的 ReadProcessMemory 或 WriteProcessMemory 请求。 (0x12B)
[0807/164403:WARNING:pe_image_reader.cc(280)] could not read dos header from C:\windows\SYSTEM32\Secur32.dll
[0807/164403:ERROR:process_reader_win.cc(232)] ReadMemory at 0x54de0000 of 64 bytes failed: 仅完成部分的 ReadProcessMemory 或 WriteProcessMemory 请求。 (0x12B)
[0807/164403:WARNING:pe_image_reader.cc(280)] could not read dos header from C:\Program Files (x86)\Google\Chrome\Application\51.0.2704.84\chrome_child.dll
[0807/164403:ERROR:process_reader_win.cc(232)] ReadMemory at 0x6f330000 of 64 bytes failed: 仅完成部分的 ReadProcessMemory 或 WriteProcessMemory 请求。 (0x12B)
[0807/164403:WARNING:pe_image_reader.cc(280)] could not read dos header from D:\Program Files (x86)\360\360safe\360verify.dll
[0807/164403:ERROR:process_reader_win.cc(232)] ReadMemory at 0x6ae20000 of 64 bytes failed: 仅完成部分的 ReadProcessMemory 或 WriteProcessMemory 请求。 (0x12B)
[0807/164403:WARNING:pe_image_reader.cc(280)] could not read dos header from C:\windows\SYSTEM32\dwrite.dll
[0807/164403:ERROR:exception_snapshot_win.cc(57)] thread ID 3640 not found in process
[0807/164403:WARNING:crash_report_exception_handler.cc(60)] ProcessSnapshotWin::InitializeException failed
[0807/164403:ERROR:scoped_process_suspend.cc(38)] NtResumeProcess, ntstatus=-1073741558
